\BOOKMARK [1][-]{section*.1}{\376\377\136\217\212\000}{}% 1
\BOOKMARK [1][-]{section*.2}{\376\377\173\054\116\000\147\037\377\032\060\012\124\362\133\146\166\204\215\053\126\360\060\013\220\011\213\373\377\010\0001\377\011}{}% 2
\BOOKMARK [2][-]{subsection*.3}{\376\377\133\146\116\140\143\320\171\072}{section*.2}% 3
\BOOKMARK [2][-]{subsection*.4}{\376\377\213\373\116\146\117\032\213\260\137\125}{section*.2}% 4
\BOOKMARK [3][-]{subsubsection*.5}{\376\377\0001\000.\122\115\212\000\220\350\122\006}{subsection*.4}% 5
\BOOKMARK [3][-]{subsubsection*.6}{\376\377\0002\000.\173\054\116\000\116\052\213\364\146\016}{subsection*.4}% 6
\BOOKMARK [3][-]{subsubsection*.7}{\376\377\0003\000.\173\054\116\214\116\052\213\364\146\016}{subsection*.4}% 7
\BOOKMARK [3][-]{subsubsection*.8}{\376\377\0004\000.\173\054\116\011\116\052\213\364\146\016}{subsection*.4}% 8
\BOOKMARK [3][-]{subsubsection*.9}{\376\377\0005\000.\173\054\126\333\116\052\213\364\146\016}{subsection*.4}% 9
\BOOKMARK [3][-]{subsubsection*.10}{\376\377\173\200\167\355\166\204\140\073\176\323}{subsection*.4}% 10
\BOOKMARK [1][-]{section*.11}{\376\377\173\054\116\214\147\037\377\032\060\012\124\362\133\146\166\204\215\053\126\360\060\013\220\011\213\373\377\010\0002\377\011}{}% 11
\BOOKMARK [2][-]{subsection*.12}{\376\377\213\373\116\146\117\032\213\260\137\125}{section*.11}% 12
\BOOKMARK [3][-]{subsubsection*.14}{\376\377\0001\000.\173\054\116\224\116\052\213\364\146\016}{subsection*.12}% 13
\BOOKMARK [3][-]{subsubsection*.15}{\376\377\0002\000.\173\054\121\155\116\052\213\364\146\016}{subsection*.12}% 14
\BOOKMARK [3][-]{subsubsection*.16}{\376\377\147\054\147\037\134\017\176\323\377\032\116\345\123\312\116\000\116\233\117\131\213\272}{subsection*.12}% 15
\BOOKMARK [1][-]{section*.17}{\376\377\173\054\116\011\147\037\377\032\060\012\124\362\133\146\166\204\215\053\126\360\060\013\220\011\213\373\377\010\133\214\176\323\377\011\000+\060\012\226\307\117\143\122\263\122\250\116\016\215\104\147\054\060\013\377\010\0001\377\011}{}% 16
\BOOKMARK [2][-]{subsection*.18}{\376\377\213\373\116\146\117\032\213\260\137\125}{section*.17}% 17
\BOOKMARK [3][-]{subsubsection*.19}{\376\377\0001\000.\173\054\116\003\123\163\147\000\124\016\116\000\116\052\213\364\146\016}{subsection*.18}% 18
\BOOKMARK [3][-]{subsubsection*.20}{\376\377\0002\000.\226\307\117\143\122\263\122\250\116\016\215\104\147\054\377\010\0001\377\011}{subsection*.18}% 19
\BOOKMARK [3][-]{subsubsection*.24}{\376\377\147\054\147\037\134\017\176\323\377\032\116\345\123\312\116\000\116\233\117\131\213\272}{subsection*.18}% 20
\BOOKMARK [1][-]{section*.25}{\376\377\173\054\126\333\147\037\377\032\060\012\226\307\117\143\122\263\122\250\116\016\215\104\147\054\060\013\377\010\0002\377\011}{}% 21
\BOOKMARK [2][-]{subsection*.26}{\376\377\213\373\116\146\117\032\213\260\137\125}{section*.25}% 22
\BOOKMARK [3][-]{subsubsection*.27}{\376\377\0001\000.\122\263\122\250\122\233\136\166\116\015\124\021\147\145\134\061\146\057\125\106\124\301}{subsection*.26}% 23
\BOOKMARK [3][-]{subsubsection*.28}{\376\377\0002\000.\125\106\124\301\166\204\116\367\150\074\146\057\165\061\116\300\116\110\121\263\133\232\166\204\377\037}{subsection*.26}% 24
\BOOKMARK [3][-]{subsubsection*.29}{\376\377\0003\000.\215\104\147\054\146\057\116\000\171\315\171\076\117\032\165\037\116\247\121\163\174\373}{subsection*.26}% 25
\BOOKMARK [3][-]{subsubsection*.30}{\376\377\147\054\147\037\134\017\176\323}{subsection*.26}% 26
\BOOKMARK [2][-]{subsection*.31}{\376\377\147\054\147\037\226\104\137\125}{section*.25}% 27
\BOOKMARK [3][-]{subsubsection*.32}{\376\377\0001\000.\177\156\166\320\133\232\164\006\151\202\217\360\377\010\000O\000k\000i\000s\000h\000i\000o\000\040\000T\000h\000e\000o\000r\000e\000m\377\011}{subsection*.31}% 28
